c:\users\marcel\desktop\segona_part\codiestudiantspart2\estudiants\lp-osm-dll\x64\debug\lp-osm-dll.pch
c:\users\marcel\desktop\segona_part\codiestudiantspart2\estudiants\lp-osm-dll\x64\debug\vc142.pdb
c:\users\marcel\desktop\segona_part\codiestudiantspart2\estudiants\lp-osm-dll\x64\debug\vc142.idb
c:\users\marcel\desktop\segona_part\codiestudiantspart2\estudiants\lp-osm-dll\x64\debug\pch.obj
c:\users\marcel\desktop\segona_part\codiestudiantspart2\estudiants\lp-osm-dll\x64\debug\xml4osmutil.obj
c:\users\marcel\desktop\segona_part\codiestudiantspart2\estudiants\lp-osm-dll\x64\debug\util.obj
c:\users\marcel\desktop\segona_part\codiestudiantspart2\estudiants\lp-osm-dll\x64\debug\puntdeinteresbase.obj
c:\users\marcel\desktop\segona_part\codiestudiantspart2\estudiants\lp-osm-dll\x64\debug\maparender.obj
c:\users\marcel\desktop\segona_part\codiestudiantspart2\estudiants\lp-osm-dll\x64\debug\dllmain.obj
c:\users\marcel\desktop\segona_part\codiestudiantspart2\estudiants\lp-osm-dll\x64\debug\dll-bridge.obj
c:\mis cosas\06. uni\segundo\lp\proyecto2da parte\estudiants\lp-osm-dll\x64\debug\lp-osm-dll.pch
c:\mis cosas\06. uni\segundo\lp\proyecto2da parte\estudiants\lp-osm-dll\x64\debug\vc142.pdb
c:\mis cosas\06. uni\segundo\lp\proyecto2da parte\estudiants\lp-osm-dll\x64\debug\vc142.idb
c:\mis cosas\06. uni\segundo\lp\proyecto2da parte\estudiants\lp-osm-dll\x64\debug\pch.obj
c:\mis cosas\06. uni\segundo\lp\proyecto2da parte\estudiants\lp-osm-dll\x64\debug\xml4osmutil.obj
c:\mis cosas\06. uni\segundo\lp\proyecto2da parte\estudiants\lp-osm-dll\x64\debug\util.obj
c:\mis cosas\06. uni\segundo\lp\proyecto2da parte\estudiants\lp-osm-dll\x64\debug\puntdeinteresbase.obj
c:\mis cosas\06. uni\segundo\lp\proyecto2da parte\estudiants\lp-osm-dll\x64\debug\maparender.obj
c:\mis cosas\06. uni\segundo\lp\proyecto2da parte\estudiants\lp-osm-dll\x64\debug\dllmain.obj
c:\mis cosas\06. uni\segundo\lp\proyecto2da parte\estudiants\lp-osm-dll\x64\debug\dll-bridge.obj
c:\mis cosas\06. uni\segundo\lp\proyecto2da parte\estudiants\lp-osm-dll\x64\debug\camibase.obj
c:\mis cosas\06. uni\segundo\lp\proyecto2da parte\estudiants\lp-osm-dll\x64\debug\grafsolucio.obj
c:\mis cosas\06. uni\segundo\lp\proyecto2da parte\estudiants\lp-osm-dll\x64\debug\puntdeinteresrestaurantsolucio.obj
c:\mis cosas\06. uni\segundo\lp\proyecto2da parte\estudiants\lp-osm-dll\x64\debug\puntdeinteresbotigasolucio.obj
c:\mis cosas\06. uni\segundo\lp\proyecto2da parte\estudiants\lp-osm-dll\x64\debug\mapasolucio.obj
c:\mis cosas\06. uni\segundo\lp\proyecto2da parte\estudiants\lp-osm-dll\x64\debug\balltree.obj
c:\users\marcel\desktop\segona_part\codiestudiantspart2\estudiants\lp-osm-dll\x64\debug\lp-osm-dll.ilk
c:\users\marcel\desktop\segona_part\codiestudiantspart2\estudiants\x64\debug\lp-osm-dll.dll
c:\users\marcel\desktop\segona_part\codiestudiantspart2\estudiants\x64\debug\lp-osm-dll.pdb
c:\mis cosas\06. uni\segundo\lp\proyecto2da parte\estudiants\lp-osm-dll\x64\debug\lp-osm-dll.ilk
c:\mis cosas\06. uni\segundo\lp\proyecto2da parte\estudiants\x64\debug\lp-osm-dll.dll
c:\mis cosas\06. uni\segundo\lp\proyecto2da parte\estudiants\x64\debug\lp-osm-dll.pdb
c:\users\marcel\desktop\segona_part\codiestudiantspart2\estudiants\x64\debug\lp-osm-dll.lib
c:\users\marcel\desktop\segona_part\codiestudiantspart2\estudiants\x64\debug\lp-osm-dll.exp
c:\mis cosas\06. uni\segundo\lp\proyecto2da parte\estudiants\x64\debug\lp-osm-dll.lib
c:\mis cosas\06. uni\segundo\lp\proyecto2da parte\estudiants\x64\debug\lp-osm-dll.exp
c:\mis cosas\06. uni\segundo\lp\proyecto2da parte\estudiants\lp-osm-dll\x64\debug\lp-osm-2122-dll.ilk
c:\mis cosas\06. uni\segundo\lp\proyecto2da parte\estudiants\lp-osm-dll\x64\debug\lp-osm-2122-dll.pch
c:\mis cosas\06. uni\segundo\lp\proyecto2da parte\estudiants\lp-osm-dll\x64\debug\vc142-cvc132.pdb
c:\mis cosas\06. uni\segundo\lp\proyecto2da parte\estudiants\lp-osm-dll\x64\debug\lp-osm-dll.tlog\cl.command.1.tlog
c:\mis cosas\06. uni\segundo\lp\proyecto2da parte\estudiants\lp-osm-dll\x64\debug\lp-osm-dll.tlog\cl.read.1.tlog
c:\mis cosas\06. uni\segundo\lp\proyecto2da parte\estudiants\lp-osm-dll\x64\debug\lp-osm-dll.tlog\cl.write.1.tlog
c:\mis cosas\06. uni\segundo\lp\proyecto2da parte\estudiants\lp-osm-dll\x64\debug\lp-osm-dll.tlog\link.command.1.tlog
c:\mis cosas\06. uni\segundo\lp\proyecto2da parte\estudiants\lp-osm-dll\x64\debug\lp-osm-dll.tlog\link.delete.1.tlog
c:\mis cosas\06. uni\segundo\lp\proyecto2da parte\estudiants\lp-osm-dll\x64\debug\lp-osm-dll.tlog\link.read.1.tlog
c:\mis cosas\06. uni\segundo\lp\proyecto2da parte\estudiants\lp-osm-dll\x64\debug\lp-osm-dll.tlog\link.write.1.tlog
c:\mis cosas\06. uni\segundo\lp\proyecto2da parte\estudiants\lp-osm-dll\x64\debug\lp-osm-dll.tlog\lp-osm-dll.write.1u.tlog
