c:\users\marcel\__projects\gitprojects\lp_osm_uab_2122\lp-osm-2122-dll\x64\debug\lp-osm-2122-dll.pch
c:\users\marcel\__projects\gitprojects\lp_osm_uab_2122\lp-osm-2122-dll\x64\debug\vc142.pdb
c:\users\marcel\__projects\gitprojects\lp_osm_uab_2122\lp-osm-2122-dll\x64\debug\vc142.idb
c:\users\marcel\__projects\gitprojects\lp_osm_uab_2122\lp-osm-2122-dll\x64\debug\pch.obj
c:\users\marcel\__projects\gitprojects\lp_osm_uab_2122\lp-osm-2122-dll\x64\debug\xml4osmutil.obj
c:\users\marcel\__projects\gitprojects\lp_osm_uab_2122\lp-osm-2122-dll\x64\debug\util.obj
c:\users\marcel\__projects\gitprojects\lp_osm_uab_2122\lp-osm-2122-dll\x64\debug\puntdeinteresbase.obj
c:\users\marcel\__projects\gitprojects\lp_osm_uab_2122\lp-osm-2122-dll\x64\debug\dllmain.obj
c:\users\marcel\__projects\gitprojects\lp_osm_uab_2122\lp-osm-2122-dll\x64\debug\dll-bridge.obj
c:\users\marcel\__projects\gitprojects\lp_osm_uab_2122\lp-osm-2122-dll\x64\debug\balltree.obj
c:\users\marcel\__projects\gitprojects\lp_osm_uab_2122\lp-osm-2122-dll\x64\debug\maparender.obj
c:\users\marcel\__projects\gitprojects\lp_osm_uab_2122\lp-osm-2122-dll\x64\debug\lp-osm-2122-dll.ilk
c:\users\marcel\__projects\gitprojects\lp_osm_uab_2122\x64\debug\lp-osm-2122-dll.dll
c:\users\marcel\__projects\gitprojects\lp_osm_uab_2122\x64\debug\lp-osm-2122-dll.pdb
c:\users\marcel\__projects\gitprojects\lp_osm_uab_2122\x64\debug\lp-osm-2122-dll.lib
c:\users\marcel\__projects\gitprojects\lp_osm_uab_2122\x64\debug\lp-osm-2122-dll.exp
c:\users\marcel\__projects\gitprojects\lp_osm_uab_2122\lp-osm-2122-dll\x64\debug\lp-osm-2122-dll.tlog\cl.command.1.tlog
c:\users\marcel\__projects\gitprojects\lp_osm_uab_2122\lp-osm-2122-dll\x64\debug\lp-osm-2122-dll.tlog\cl.read.1.tlog
c:\users\marcel\__projects\gitprojects\lp_osm_uab_2122\lp-osm-2122-dll\x64\debug\lp-osm-2122-dll.tlog\cl.write.1.tlog
c:\users\marcel\__projects\gitprojects\lp_osm_uab_2122\lp-osm-2122-dll\x64\debug\lp-osm-2122-dll.tlog\link.command.1.tlog
c:\users\marcel\__projects\gitprojects\lp_osm_uab_2122\lp-osm-2122-dll\x64\debug\lp-osm-2122-dll.tlog\link.read.1.tlog
c:\users\marcel\__projects\gitprojects\lp_osm_uab_2122\lp-osm-2122-dll\x64\debug\lp-osm-2122-dll.tlog\link.write.1.tlog
c:\users\marcel\__projects\gitprojects\lp_osm_uab_2122\lp-osm-2122-dll\x64\debug\lp-osm-2122-dll.tlog\lp-osm-2122-dll.write.1u.tlog
